<?xml version="1.0" encoding="UTF-8"?>
<testsuite name="TestSuite" time="20.748" tests="26" errors="0" skipped="0" failures="0">
  <properties>
    <property name="java.runtime.name" value="Java(TM) SE Runtime Environment"/>
    <property name="java.vm.version" value="11.0.16.1+1-LTS-1"/>
    <property name="sun.boot.library.path" value="C:\Program Files\Java\jdk-11.0.16.1\bin"/>
    <property name="maven.multiModuleProjectDirectory" value="C:\Users\befor\.jenkins\workspace\DataDrivenLiveProject"/>
    <property name="java.vm.vendor" value="Oracle Corporation"/>
    <property name="java.vendor.url" value="https://openjdk.java.net/"/>
    <property name="guice.disable.misplaced.annotation.check" value="true"/>
    <property name="path.separator" value=";"/>
    <property name="java.vm.name" value="Java HotSpot(TM) 64-Bit Server VM"/>
    <property name="sun.os.patch.level" value=""/>
    <property name="user.script" value=""/>
    <property name="user.country" value="IN"/>
    <property name="sun.java.launcher" value="SUN_STANDARD"/>
    <property name="java.vm.specification.name" value="Java Virtual Machine Specification"/>
    <property name="user.dir" value="C:\Users\befor\.jenkins\workspace\DataDrivenLiveProject"/>
    <property name="java.vm.compressedOopsMode" value="32-bit"/>
    <property name="java.runtime.version" value="11.0.16.1+1-LTS-1"/>
    <property name="java.awt.graphicsenv" value="sun.awt.Win32GraphicsEnvironment"/>
    <property name="os.arch" value="amd64"/>
    <property name="java.io.tmpdir" value="C:\Users\befor\AppData\Local\Temp\"/>
    <property name="line.separator" value="&#10;"/>
    <property name="java.vm.specification.vendor" value="Oracle Corporation"/>
    <property name="user.variant" value=""/>
    <property name="os.name" value="Windows 11"/>
    <property name="classworlds.conf" value="C:\Users\befor\New folder\apache-maven-3.8.4\bin\m2.conf"/>
    <property name="sun.jnu.encoding" value="Cp1252"/>
    <property name="java.library.path" value="C:\Program Files\Java\jdk-11.0.16.1\bin;C:\windows\Sun\Java\bin;C:\windows\system32;C:\windows;C:\Users\befor\New folder\apache-maven-3.8.4/bin;C:\Program Files\Java\jdk-11.0.16.1/bin;C:\Program Files\Java\jdk-11.0.16.1/bin;C:\Program Files\Common Files\Oracle\Java\javapath;C:\windows\system32;C:\windows;C:\windows\System32\Wbem;C:\windows\System32\WindowsPowerShell\v1.0\;C:\windows\System32\OpenSSH\;C:\Users\befor\New folder\apache-maven-3.8.4\bin;C:\Program Files\Java\jdk-11.0.16.1\bin;C:\Program Files\Git\cmd;C:\Users\befor\AppData\Local\Programs\Python\Python310\;C:\Users\befor\AppData\Local\Programs\Python\Python310\Scripts;C:\Program Files\nodejs\;C:\Users\befor\AppData\Local\Android\Sdk\tools\bin;C:\Users\befor\AppData\Local\Android\Sdk\tools;C:\Users\befor\AppData\Local\Android\Sdk\platform-tools;C:\Program Files\nodejs\node_modules\npm\bin;C:\Program Files\MySQL\MySQL Shell 8.0\bin\;C:\Users\befor\AppData\Local\Programs\Python\Python310\Scripts\;C:\Users\befor\AppData\Local\Programs\Python\Python310\;C:\Users\befor\AppData\Local\Microsoft\WindowsApps;C:\Users\befor\AppData\Local\GitHubDesktop\bin;C:\Users\befor\AppData\Local\JetBrains\Toolbox\scripts;C:\Users\befor\AppData\Roaming\npm;;."/>
    <property name="maven.conf" value="C:\Users\befor\New folder\apache-maven-3.8.4/conf"/>
    <property name="jdk.debug" value="release"/>
    <property name="java.class.version" value="55.0"/>
    <property name="java.specification.name" value="Java Platform API Specification"/>
    <property name="sun.management.compiler" value="HotSpot 64-Bit Tiered Compilers"/>
    <property name="os.version" value="10.0"/>
    <property name="library.jansi.path" value="C:\Users\befor\New folder\apache-maven-3.8.4\lib\jansi-native"/>
    <property name="user.home" value="C:\Users\befor"/>
    <property name="user.timezone" value="Asia/Calcutta"/>
    <property name="java.awt.printerjob" value="sun.awt.windows.WPrinterJob"/>
    <property name="file.encoding" value="Cp1252"/>
    <property name="java.specification.version" value="11"/>
    <property name="user.name" value="befor"/>
    <property name="java.class.path" value="C:\Users\befor\New folder\apache-maven-3.8.4\boot\plexus-classworlds-2.6.0.jar"/>
    <property name="java.vm.specification.version" value="11"/>
    <property name="sun.arch.data.model" value="64"/>
    <property name="sun.java.command" value="org.codehaus.plexus.classworlds.launcher.Launcher -f C:\Users\befor\eclipse-workspace\DataDrivenFramework\pom.xml test"/>
    <property name="java.home" value="C:\Program Files\Java\jdk-11.0.16.1"/>
    <property name="user.language" value="en"/>
    <property name="java.specification.vendor" value="Oracle Corporation"/>
    <property name="awt.toolkit" value="sun.awt.windows.WToolkit"/>
    <property name="java.vm.info" value="mixed mode"/>
    <property name="java.version" value="11.0.16.1"/>
    <property name="java.vendor" value="Oracle Corporation"/>
    <property name="maven.home" value="C:\Users\befor\New folder\apache-maven-3.8.4"/>
    <property name="file.separator" value="\"/>
    <property name="java.version.date" value="2022-08-18"/>
    <property name="java.vendor.url.bug" value="https://bugreport.java.com/bugreport/"/>
    <property name="sun.io.unicode.encoding" value="UnicodeLittle"/>
    <property name="sun.cpu.endian" value="little"/>
    <property name="java.vendor.version" value="18.9"/>
    <property name="sun.desktop" value="windows"/>
    <property name="sun.cpu.isalist" value="amd64"/>
  </properties>
  <testcase name="logInTest" classname="com.way2automation.testcases.LogInTest" time="0.248"/>
  <testcase name="addCusTest" classname="com.way2automation.testcases.AddCusTest" time="1.697"/>
  <testcase name="addCusTest" classname="com.way2automation.testcases.AddCusTest" time="1.437"/>
  <testcase name="addCusTest" classname="com.way2automation.testcases.AddCusTest" time="1.395"/>
  <testcase name="addCusTest" classname="com.way2automation.testcases.AddCusTest" time="1.398"/>
  <testcase name="addCusTest" classname="com.way2automation.testcases.AddCusTest" time="1.458"/>
  <testcase name="openAccountTest" classname="com.way2automation.testcases.OpenAccountTest" time="6.632"/>
  <testcase name="openAccountTest" classname="com.way2automation.testcases.OpenAccountTest" time="1.444"/>
  <testcase name="openAccountTest" classname="com.way2automation.testcases.OpenAccountTest" time="1.994"/>
  <testcase name="openAccountTest" classname="com.way2automation.testcases.OpenAccountTest" time="1.632"/>
  <testcase name="openAccountTest" classname="com.way2automation.testcases.OpenAccountTest" time="1.458"/>
  <testcase name="customerLoginTest" classname="com.way2automation.testcases.CustomerLoginTest" time="1.552"/>
  <testcase name="customerLoginTest" classname="com.way2automation.testcases.CustomerLoginTest" time="1.426"/>
  <testcase name="customerLoginTest" classname="com.way2automation.testcases.CustomerLoginTest" time="1.403"/>
  <testcase name="customerLoginTest" classname="com.way2automation.testcases.CustomerLoginTest" time="1.367"/>
  <testcase name="customerLoginTest" classname="com.way2automation.testcases.CustomerLoginTest" time="1.351"/>
  <testcase name="customerTransactionTest" classname="com.way2automation.testcases.CustomerTransactionTest" time="9.042"/>
  <testcase name="customerTransactionTest" classname="com.way2automation.testcases.CustomerTransactionTest" time="8.857"/>
  <testcase name="customerTransactionTest" classname="com.way2automation.testcases.CustomerTransactionTest" time="8.87"/>
  <testcase name="customerTransactionTest" classname="com.way2automation.testcases.CustomerTransactionTest" time="8.906"/>
  <testcase name="customerTransactionTest" classname="com.way2automation.testcases.CustomerTransactionTest" time="8.869"/>
  <testcase name="deleteCustomerTest" classname="com.way2automation.testcases.DeleteCustomerTest" time="1.577"/>
  <testcase name="deleteCustomerTest" classname="com.way2automation.testcases.DeleteCustomerTest" time="1.398"/>
  <testcase name="deleteCustomerTest" classname="com.way2automation.testcases.DeleteCustomerTest" time="1.36"/>
  <testcase name="deleteCustomerTest" classname="com.way2automation.testcases.DeleteCustomerTest" time="1.359"/>
  <testcase name="deleteCustomerTest" classname="com.way2automation.testcases.DeleteCustomerTest" time="1.39"/>
</testsuite>