<?xml version="1.0" encoding="UTF-8"?>
<!-- Generated by org.testng.reporters.JUnitReportReporter -->
<testsuite hostname="FoxyOldSom" failures="0" tests="5" name="com.way2automation.testcases.CustomerTransactionTest" time="44.353" errors="0" timestamp="2022-10-30T01:53:11 IST" skipped="0">
  <testcase classname="com.way2automation.testcases.CustomerTransactionTest" name="customerTransactionTest" time="8.873"/>
  <system-out/>
  <testcase classname="com.way2automation.testcases.CustomerTransactionTest" name="customerTransactionTest" time="8.836"/>
  <system-out/>
  <testcase classname="com.way2automation.testcases.CustomerTransactionTest" name="customerTransactionTest" time="8.966"/>
  <system-out/>
  <testcase classname="com.way2automation.testcases.CustomerTransactionTest" name="customerTransactionTest" time="8.824"/>
  <system-out/>
  <testcase classname="com.way2automation.testcases.CustomerTransactionTest" name="customerTransactionTest" time="8.854"/>
  <system-out/>
</testsuite> <!-- com.way2automation.testcases.CustomerTransactionTest -->
