<?xml version="1.0" encoding="UTF-8"?>
<!-- Generated by org.testng.reporters.JUnitReportReporter -->
<testsuite hostname="FoxyOldSom" failures="0" tests="5" name="com.way2automation.testcases.AddCusTest" time="6.916" errors="0" timestamp="2022-10-30T01:53:11 IST" skipped="0">
  <testcase classname="com.way2automation.testcases.AddCusTest" name="addCusTest" time="1.260"/>
  <system-out/>
  <testcase classname="com.way2automation.testcases.AddCusTest" name="addCusTest" time="1.313"/>
  <system-out/>
  <testcase classname="com.way2automation.testcases.AddCusTest" name="addCusTest" time="1.477"/>
  <system-out/>
  <testcase classname="com.way2automation.testcases.AddCusTest" name="addCusTest" time="1.302"/>
  <system-out/>
  <testcase classname="com.way2automation.testcases.AddCusTest" name="addCusTest" time="1.564"/>
  <system-out/>
</testsuite> <!-- com.way2automation.testcases.AddCusTest -->
