<?xml version="1.0" encoding="UTF-8"?>
<!-- Generated by org.testng.reporters.JUnitReportReporter -->
<testsuite hostname="FoxyOldSom" failures="0" tests="5" name="com.way2automation.testcases.OpenAccountTest" time="7.483" errors="0" timestamp="2022-10-30T01:53:11 IST" skipped="0">
  <testcase classname="com.way2automation.testcases.OpenAccountTest" name="openAccountTest" time="1.349"/>
  <system-out/>
  <testcase classname="com.way2automation.testcases.OpenAccountTest" name="openAccountTest" time="1.343"/>
  <system-out/>
  <testcase classname="com.way2automation.testcases.OpenAccountTest" name="openAccountTest" time="1.833"/>
  <system-out/>
  <testcase classname="com.way2automation.testcases.OpenAccountTest" name="openAccountTest" time="1.499"/>
  <system-out/>
  <testcase classname="com.way2automation.testcases.OpenAccountTest" name="openAccountTest" time="1.459"/>
  <system-out/>
</testsuite> <!-- com.way2automation.testcases.OpenAccountTest -->
