<?xml version="1.0" encoding="UTF-8"?>
<!-- Generated by org.testng.reporters.JUnitReportReporter -->
<testsuite hostname="FoxyOldSom" failures="0" tests="1" name="com.way2automation.testcases.LogInTest" time="0.215" errors="0" timestamp="2022-10-30T01:53:11 IST" skipped="0">
  <testcase classname="com.way2automation.testcases.LogInTest" name="logInTest" time="0.215"/>
  <system-out/>
</testsuite> <!-- com.way2automation.testcases.LogInTest -->
