<?xml version="1.0" encoding="UTF-8"?>
<!-- Generated by org.testng.reporters.JUnitReportReporter -->
<testsuite hostname="FoxyOldSom" failures="0" tests="5" name="com.way2automation.testcases.CustomerLoginTest" time="6.883" errors="0" timestamp="2022-10-30T01:53:11 IST" skipped="0">
  <testcase classname="com.way2automation.testcases.CustomerLoginTest" name="customerLoginTest" time="1.546"/>
  <system-out/>
  <testcase classname="com.way2automation.testcases.CustomerLoginTest" name="customerLoginTest" time="1.295"/>
  <system-out/>
  <testcase classname="com.way2automation.testcases.CustomerLoginTest" name="customerLoginTest" time="1.368"/>
  <system-out/>
  <testcase classname="com.way2automation.testcases.CustomerLoginTest" name="customerLoginTest" time="1.323"/>
  <system-out/>
  <testcase classname="com.way2automation.testcases.CustomerLoginTest" name="customerLoginTest" time="1.351"/>
  <system-out/>
</testsuite> <!-- com.way2automation.testcases.CustomerLoginTest -->
