<?xml version="1.0" encoding="UTF-8"?>
<!-- Generated by org.testng.reporters.JUnitReportReporter -->
<testsuite hostname="FoxyOldSom" failures="0" tests="5" name="com.way2automation.testcases.AddCusTest" time="7.385" errors="0" timestamp="2022-10-30T23:54:06 IST" skipped="0">
  <testcase classname="com.way2automation.testcases.AddCusTest" name="addCusTest" time="1.438"/>
  <system-out/>
  <testcase classname="com.way2automation.testcases.AddCusTest" name="addCusTest" time="1.396"/>
  <system-out/>
  <testcase classname="com.way2automation.testcases.AddCusTest" name="addCusTest" time="1.458"/>
  <system-out/>
  <testcase classname="com.way2automation.testcases.AddCusTest" name="addCusTest" time="1.699"/>
  <system-out/>
  <testcase classname="com.way2automation.testcases.AddCusTest" name="addCusTest" time="1.394"/>
  <system-out/>
</testsuite> <!-- com.way2automation.testcases.AddCusTest -->
