<?xml version="1.0" encoding="UTF-8"?>
<!-- Generated by org.testng.reporters.JUnitReportReporter -->
<testsuite hostname="FoxyOldSom" failures="0" tests="5" name="com.way2automation.testcases.OpenAccountTest" time="13.160" errors="0" timestamp="2022-10-30T23:54:06 IST" skipped="0">
  <testcase classname="com.way2automation.testcases.OpenAccountTest" name="openAccountTest" time="6.631"/>
  <system-out/>
  <testcase classname="com.way2automation.testcases.OpenAccountTest" name="openAccountTest" time="1.439"/>
  <system-out/>
  <testcase classname="com.way2automation.testcases.OpenAccountTest" name="openAccountTest" time="2.000"/>
  <system-out/>
  <testcase classname="com.way2automation.testcases.OpenAccountTest" name="openAccountTest" time="1.632"/>
  <system-out/>
  <testcase classname="com.way2automation.testcases.OpenAccountTest" name="openAccountTest" time="1.458"/>
  <system-out/>
</testsuite> <!-- com.way2automation.testcases.OpenAccountTest -->
