<?xml version="1.0" encoding="UTF-8"?>
<!-- Generated by org.testng.reporters.JUnitReportReporter -->
<testsuite hostname="FoxyOldSom" failures="0" tests="5" name="com.way2automation.testcases.CustomerLoginTest" time="7.102" errors="0" timestamp="2022-10-30T23:54:06 IST" skipped="0">
  <testcase classname="com.way2automation.testcases.CustomerLoginTest" name="customerLoginTest" time="1.427"/>
  <system-out/>
  <testcase classname="com.way2automation.testcases.CustomerLoginTest" name="customerLoginTest" time="1.402"/>
  <system-out/>
  <testcase classname="com.way2automation.testcases.CustomerLoginTest" name="customerLoginTest" time="1.351"/>
  <system-out/>
  <testcase classname="com.way2automation.testcases.CustomerLoginTest" name="customerLoginTest" time="1.367"/>
  <system-out/>
  <testcase classname="com.way2automation.testcases.CustomerLoginTest" name="customerLoginTest" time="1.555"/>
  <system-out/>
</testsuite> <!-- com.way2automation.testcases.CustomerLoginTest -->
