<?xml version="1.0" encoding="UTF-8"?>
<!-- Generated by org.testng.reporters.JUnitReportReporter -->
<testsuite hostname="FoxyOldSom" failures="0" tests="5" name="com.way2automation.testcases.CustomerTransactionTest" time="44.541" errors="0" timestamp="2022-10-30T23:54:06 IST" skipped="0">
  <testcase classname="com.way2automation.testcases.CustomerTransactionTest" name="customerTransactionTest" time="8.870"/>
  <system-out/>
  <testcase classname="com.way2automation.testcases.CustomerTransactionTest" name="customerTransactionTest" time="8.856"/>
  <system-out/>
  <testcase classname="com.way2automation.testcases.CustomerTransactionTest" name="customerTransactionTest" time="8.869"/>
  <system-out/>
  <testcase classname="com.way2automation.testcases.CustomerTransactionTest" name="customerTransactionTest" time="8.905"/>
  <system-out/>
  <testcase classname="com.way2automation.testcases.CustomerTransactionTest" name="customerTransactionTest" time="9.041"/>
  <system-out/>
</testsuite> <!-- com.way2automation.testcases.CustomerTransactionTest -->
