<?xml version="1.0" encoding="UTF-8"?>
<!-- Generated by org.testng.reporters.JUnitReportReporter -->
<testsuite hostname="FoxyOldSom" failures="0" tests="5" name="com.way2automation.testcases.DeleteCustomerTest" time="7.084" errors="0" timestamp="2022-10-30T23:54:06 IST" skipped="0">
  <testcase classname="com.way2automation.testcases.DeleteCustomerTest" name="deleteCustomerTest" time="1.578"/>
  <system-out/>
  <testcase classname="com.way2automation.testcases.DeleteCustomerTest" name="deleteCustomerTest" time="1.399"/>
  <system-out/>
  <testcase classname="com.way2automation.testcases.DeleteCustomerTest" name="deleteCustomerTest" time="1.360"/>
  <system-out/>
  <testcase classname="com.way2automation.testcases.DeleteCustomerTest" name="deleteCustomerTest" time="1.358"/>
  <system-out/>
  <testcase classname="com.way2automation.testcases.DeleteCustomerTest" name="deleteCustomerTest" time="1.389"/>
  <system-out/>
</testsuite> <!-- com.way2automation.testcases.DeleteCustomerTest -->
